<?xml version="1.0" encoding="UTF-8"?>
<testng-results ignored="0" total="10" passed="9" failed="0" skipped="1">
  <reporter-output>
  </reporter-output>
  <suite started-at="2021-09-26T13:10:53 IST" name="Default suite" finished-at="2021-09-26T13:13:04 IST" duration-ms="130875">
    <groups>
    </groups>
    <test started-at="2021-09-26T13:10:53 IST" name="Default test" finished-at="2021-09-26T13:13:04 IST" duration-ms="130875">
      <class name="com.urbanladder.runner.Runner">
        <test-method is-config="true" signature="homePage()[pri:0, instance:com.urbanladder.runner.Runner@44c5a16f]" started-at="2021-09-26T13:10:54 IST" name="homePage" finished-at="2021-09-26T13:11:07 IST" duration-ms="13185" status="PASS">
          <reporter-output>
          </reporter-output>
        </test-method> <!-- homePage -->
        <test-method signature="Login()[pri:0, instance:com.urbanladder.runner.Runner@44c5a16f]" started-at="2021-09-26T13:11:07 IST" name="Login" finished-at="2021-09-26T13:11:17 IST" duration-ms="10753" status="PASS">
          <reporter-output>
          </reporter-output>
        </test-method> <!-- Login -->
        <test-method signature="DiningTable(java.lang.String)[pri:1, instance:com.urbanladder.runner.Runner@44c5a16f]" started-at="2021-09-26T13:11:17 IST" name="DiningTable" data-provider="getSearchData" finished-at="2021-09-26T13:11:17 IST" duration-ms="0" status="SKIP">
          <exception class="java.lang.RuntimeException">
            <message>
              <![CDATA[java.io.FileNotFoundException: C:\Users\hp\Desktop\POI Sample.xlsx (The system cannot find the path specified)]]>
            </message>
            <full-stacktrace>
              <![CDATA[java.lang.RuntimeException: java.io.FileNotFoundException: C:\Users\hp\Desktop\POI Sample.xlsx (The system cannot find the path specified)
at org.testng.internal.MethodInvocationHelper.invokeMethodNoCheckedException(MethodInvocationHelper.java:50)
at org.testng.internal.MethodInvocationHelper.invokeDataProvider(MethodInvocationHelper.java:146)
at org.testng.internal.Parameters.handleParameters(Parameters.java:798)
at org.testng.internal.Parameters.handleParameters(Parameters.java:740)
at org.testng.internal.ParameterHandler.handleParameters(ParameterHandler.java:59)
at org.testng.internal.ParameterHandler.createParameters(ParameterHandler.java:38)
at org.testng.internal.TestInvoker$MethodInvocationAgent.invoke(TestInvoker.java:791)
at org.testng.internal.TestInvoker.invokeTestMethods(TestInvoker.java:146)
at org.testng.internal.TestMethodWorker.invokeTestMethods(TestMethodWorker.java:146)
at org.testng.internal.TestMethodWorker.run(TestMethodWorker.java:128)
at java.base/java.util.ArrayList.forEach(ArrayList.java:1511)
at org.testng.TestRunner.privateRun(TestRunner.java:794)
at org.testng.TestRunner.run(TestRunner.java:596)
at org.testng.SuiteRunner.runTest(SuiteRunner.java:377)
at org.testng.SuiteRunner.runSequentially(SuiteRunner.java:371)
at org.testng.SuiteRunner.privateRun(SuiteRunner.java:332)
at org.testng.SuiteRunner.run(SuiteRunner.java:276)
at org.testng.SuiteRunnerWorker.runSuite(SuiteRunnerWorker.java:53)
at org.testng.SuiteRunnerWorker.run(SuiteRunnerWorker.java:96)
at org.testng.TestNG.runSuitesSequentially(TestNG.java:1212)
at org.testng.TestNG.runSuitesLocally(TestNG.java:1134)
at org.testng.TestNG.runSuites(TestNG.java:1063)
at org.testng.TestNG.run(TestNG.java:1031)
at org.testng.remote.AbstractRemoteTestNG.run(AbstractRemoteTestNG.java:115)
at org.testng.remote.RemoteTestNG.initAndRun(RemoteTestNG.java:251)
at org.testng.remote.RemoteTestNG.main(RemoteTestNG.java:77)
Caused by: java.io.FileNotFoundException: C:\Users\hp\Desktop\POI Sample.xlsx (The system cannot find the path specified)
at java.base/java.io.FileInputStream.open0(Native Method)
at java.base/java.io.FileInputStream.open(FileInputStream.java:211)
at java.base/java.io.FileInputStream.<init>(FileInputStream.java:153)
at java.base/java.io.FileInputStream.<init>(FileInputStream.java:108)
at com.urbanladder.utility.dataDriven.getData(dataDriven.java:29)
at com.urbanladder.runner.Runner.getSearchData(Runner.java:224)
at java.base/jdk.internal.reflect.NativeMethodAccessorImpl.invoke0(Native Method)
at java.base/jdk.internal.reflect.NativeMethodAccessorImpl.invoke(NativeMethodAccessorImpl.java:78)
at java.base/jdk.internal.reflect.DelegatingMethodAccessorImpl.invoke(DelegatingMethodAccessorImpl.java:43)
at java.base/java.lang.reflect.Method.invoke(Method.java:567)
at org.testng.internal.MethodInvocationHelper.invokeMethod(MethodInvocationHelper.java:133)
at org.testng.internal.MethodInvocationHelper.invokeMethod(MethodInvocationHelper.java:77)
at org.testng.internal.MethodInvocationHelper.invokeMethodNoCheckedException(MethodInvocationHelper.java:46)
... 25 more
]]>
            </full-stacktrace>
          </exception> <!-- java.lang.RuntimeException -->
          <reporter-output>
          </reporter-output>
        </test-method> <!-- DiningTable -->
        <test-method signature="Sale()[pri:2, instance:com.urbanladder.runner.Runner@44c5a16f]" started-at="2021-09-26T13:11:18 IST" name="Sale" finished-at="2021-09-26T13:11:30 IST" duration-ms="12257" status="PASS">
          <reporter-output>
          </reporter-output>
        </test-method> <!-- Sale -->
        <test-method signature="Living()[pri:3, instance:com.urbanladder.runner.Runner@44c5a16f]" started-at="2021-09-26T13:11:30 IST" name="Living" finished-at="2021-09-26T13:11:40 IST" duration-ms="10265" status="PASS">
          <reporter-output>
          </reporter-output>
        </test-method> <!-- Living -->
        <test-method signature="Bedroom()[pri:4, instance:com.urbanladder.runner.Runner@44c5a16f]" started-at="2021-09-26T13:11:40 IST" name="Bedroom" finished-at="2021-09-26T13:11:49 IST" duration-ms="9051" status="PASS">
          <reporter-output>
          </reporter-output>
        </test-method> <!-- Bedroom -->
        <test-method signature="Storage()[pri:5, instance:com.urbanladder.runner.Runner@44c5a16f]" started-at="2021-09-26T13:11:49 IST" name="Storage" finished-at="2021-09-26T13:12:09 IST" duration-ms="19487" status="PASS">
          <reporter-output>
          </reporter-output>
        </test-method> <!-- Storage -->
        <test-method signature="Study()[pri:6, instance:com.urbanladder.runner.Runner@44c5a16f]" started-at="2021-09-26T13:12:09 IST" name="Study" finished-at="2021-09-26T13:12:24 IST" duration-ms="15298" status="PASS">
          <reporter-output>
          </reporter-output>
        </test-method> <!-- Study -->
        <test-method signature="Kids()[pri:7, instance:com.urbanladder.runner.Runner@44c5a16f]" started-at="2021-09-26T13:12:24 IST" name="Kids" finished-at="2021-09-26T13:12:40 IST" duration-ms="15662" status="PASS">
          <reporter-output>
          </reporter-output>
        </test-method> <!-- Kids -->
        <test-method signature="GiftCard()[pri:8, instance:com.urbanladder.runner.Runner@44c5a16f]" started-at="2021-09-26T13:12:40 IST" name="GiftCard" finished-at="2021-09-26T13:13:01 IST" duration-ms="21247" status="PASS">
          <reporter-output>
          </reporter-output>
        </test-method> <!-- GiftCard -->
        <test-method signature="BulkOrder()[pri:9, instance:com.urbanladder.runner.Runner@44c5a16f]" started-at="2021-09-26T13:13:01 IST" name="BulkOrder" finished-at="2021-09-26T13:13:04 IST" duration-ms="3559" status="PASS">
          <reporter-output>
          </reporter-output>
        </test-method> <!-- BulkOrder -->
      </class> <!-- com.urbanladder.runner.Runner -->
    </test> <!-- Default test -->
  </suite> <!-- Default suite -->
</testng-results>
